<?xml version="1.0" encoding="UTF-8"?>
<!-- Generated by org.testng.reporters.JUnitReportReporter -->
<testsuite hostname="LAPTOP-0O8VOCIM" failures="0" tests="3" name="shoppingWebsite.HomePageTest" time="1.587" errors="0" timestamp="16 Aug. 2020 08:44:51 GMT" skipped="0">
  <testcase classname="shoppingWebsite.HomePageTest" name="verifyLogoTest" time="0.174"/>
  <testcase classname="shoppingWebsite.HomePageTest" name="getHomePageTitleTest" time="0.013"/>
  <testcase classname="shoppingWebsite.HomePageTest" name="navigateToSignInPageTest" time="1.400"/>
</testsuite> <!-- shoppingWebsite.HomePageTest -->
